\BOOKMARK [0][-]{chapter*.5}{Lista de Figuras}{}% 1
\BOOKMARK [0][-]{chapter*.6}{Lista de Tabelas}{}% 2
\BOOKMARK [0][-]{chapter*.7}{Lista de C\363digos de Programa\347\343o}{}% 3
\BOOKMARK [0][-]{chapter*.8}{Lista de Abreviaturas e Siglas}{}% 4
\BOOKMARK [0][-]{chapter.1}{INTRODU\307\303O}{}% 5
\BOOKMARK [0][-]{chapter.2}{Lingu\355stica e Processamento de Linguagem Natural}{}% 6
\BOOKMARK [1][-]{section.2.1}{Linguagem Natural}{chapter.2}% 7
\BOOKMARK [1][-]{section.2.2}{Subdivis\365es da lingu\355stica}{chapter.2}% 8
\BOOKMARK [2][-]{subsection.2.2.1}{An\341lise Morfol\363gica}{section.2.2}% 9
\BOOKMARK [2][-]{subsection.2.2.2}{An\341lise Sint\341tica}{section.2.2}% 10
\BOOKMARK [2][-]{subsection.2.2.3}{An\341lise Sem\342ntica}{section.2.2}% 11
\BOOKMARK [2][-]{subsection.2.2.4}{Pragm\341tica}{section.2.2}% 12
\BOOKMARK [1][-]{section.2.3}{Processamento de Linguagem Natural}{chapter.2}% 13
\BOOKMARK [2][-]{subsection.2.3.1}{Breve Hist\363rico}{section.2.3}% 14
\BOOKMARK [1][-]{section.2.4}{Intelig\352ncia Artificial}{chapter.2}% 15
\BOOKMARK [1][-]{section.2.5}{Dificuldades no Processamento de Linguagem}{chapter.2}% 16
\BOOKMARK [1][-]{section.2.6}{Exemplos de aplica\347\365es de PLN}{chapter.2}% 17
\BOOKMARK [1][-]{section.2.7}{Natural Language Understanding \(NLU\)}{chapter.2}% 18
\BOOKMARK [0][-]{chapter.3}{Trabalhos Correlatos\)}{}% 19
\BOOKMARK [1][-]{section.3.1}{ELIZA}{chapter.3}% 20
\BOOKMARK [2][-]{subsection.3.1.1}{Funcionamento ELIZA}{section.3.1}% 21
\BOOKMARK [1][-]{section.3.2}{Julia}{chapter.3}% 22
\BOOKMARK [1][-]{section.3.3}{ALICE}{chapter.3}% 23
\BOOKMARK [1][-]{section.3.4}{Chatterbot iFood}{chapter.3}% 24
\BOOKMARK [0][-]{chapter.4}{Abordagem}{}% 25
\BOOKMARK [1][-]{section.4.1}{O que \351 um Framework?}{chapter.4}% 26
\BOOKMARK [1][-]{section.4.2}{O que \351 Open Source?}{chapter.4}% 27
\BOOKMARK [1][-]{section.4.3}{Linguagem de programa\347\343o Python}{chapter.4}% 28
\BOOKMARK [1][-]{section.4.4}{Processando a linguagem natural com spaCy}{chapter.4}% 29
\BOOKMARK [2][-]{subsection.4.4.1}{Biblioteca vs. Framework}{section.4.4}% 30
\BOOKMARK [2][-]{subsection.4.4.2}{Caracter\355sticas do spaCy}{section.4.4}% 31
\BOOKMARK [1][-]{section.4.5}{O Framework Rasa}{chapter.4}% 32
\BOOKMARK [2][-]{subsection.4.5.1}{Rasa NLU}{section.4.5}% 33
\BOOKMARK [2][-]{subsection.4.5.2}{Rasa Core}{section.4.5}% 34
\BOOKMARK [3][-]{subsubsection.4.5.2.1}{Rasa Core sem Python}{subsection.4.5.2}% 35
\BOOKMARK [3][-]{subsubsection.4.5.2.2}{Integra\347\343o com plataformas de mensagens}{subsection.4.5.2}% 36
\BOOKMARK [1][-]{section.4.6}{Conhecendo o problema}{chapter.4}% 37
\BOOKMARK [0][-]{chapter.5}{Testes e Resultados}{}% 38
\BOOKMARK [1][-]{section.5.1}{Documenta\347\343o oficial}{chapter.5}% 39
\BOOKMARK [1][-]{section.5.2}{Instala\347\343o}{chapter.5}% 40
\BOOKMARK [1][-]{section.5.3}{Implementa\347\343o}{chapter.5}% 41
\BOOKMARK [2][-]{subsection.5.3.1}{Construindo o dom\355nio}{section.5.3}% 42
\BOOKMARK [2][-]{subsection.5.3.2}{Definindo as Hist\363rias}{section.5.3}% 43
\BOOKMARK [2][-]{subsection.5.3.3}{NLU Model: treinando o bot}{section.5.3}% 44
\BOOKMARK [3][-]{subsubsection.5.3.3.1}{Common Examples}{subsection.5.3.3}% 45
\BOOKMARK [3][-]{subsubsection.5.3.3.2}{Entity Synonyms}{subsection.5.3.3}% 46
\BOOKMARK [3][-]{subsubsection.5.3.3.3}{Entity Synonyms}{subsection.5.3.3}% 47
\BOOKMARK [2][-]{subsection.5.3.4}{NLU Dataset: conjunto de dados para treinar o bot}{section.5.3}% 48
\BOOKMARK [3][-]{subsubsection.5.3.4.1}{Chatito}{subsection.5.3.4}% 49
\BOOKMARK [2][-]{subsection.5.3.5}{Executando o treinamento}{section.5.3}% 50
\BOOKMARK [2][-]{subsection.5.3.6}{Integrando as partes}{section.5.3}% 51
\BOOKMARK [2][-]{subsection.5.3.7}{Integrando com o Facebook Messenger}{section.5.3}% 52
\BOOKMARK [0][-]{chapter.6}{Conclus\343o}{}% 53
\BOOKMARK [0][-]{chapter*.19}{Refer\352ncias Bibliogr\341ficas}{}% 54
