This is pdfTeX, Version 3.14159265-2.6-1.40.18 (TeX Live 2017/Debian) (preloaded format=pdflatex 2018.7.23)  24 JUL 2018 17:06
entering extended mode
 restricted \write18 enabled.
 %&-line parsing enabled.
**vINICIAL.tex
(./vINICIAL.tex
LaTeX2e <2017-04-15>
Babel <3.18> and hyphenation patterns for 4 language(s) loaded.
(./monografia_v4.cls

LaTeX Warning: You have requested document class `monografia_v4',
               but the document class provides `monografia'.

Document Class: monografia 2001/04/21 v1.4e Standard LaTeX document class
(/usr/share/texlive/texmf-dist/tex/latex/base/size12.clo
File: size12.clo 2014/09/29 v1.4h Standard LaTeX file (size option)
)
\c@part=\count79
\c@chapter=\count80
\c@section=\count81
\c@subsection=\count82
\c@subsubsection=\count83
\c@paragraph=\count84
\c@subparagraph=\count85
\c@figure=\count86
\c@table=\count87
\abovecaptionskip=\skip41
\belowcaptionskip=\skip42
\bibindent=\dimen102
)
(/usr/share/texlive/texmf-dist/tex/latex/amsmath/amsmath.sty
Package: amsmath 2017/09/02 v2.17a AMS math features
\@mathmargin=\skip43

For additional information on amsmath, use the `?' option.
(/usr/share/texlive/texmf-dist/tex/latex/amsmath/amstext.sty
Package: amstext 2000/06/29 v2.01 AMS text

(/usr/share/texlive/texmf-dist/tex/latex/amsmath/amsgen.sty
File: amsgen.sty 1999/11/30 v2.0 generic functions
\@emptytoks=\toks14
\ex@=\dimen103
))
(/usr/share/texlive/texmf-dist/tex/latex/amsmath/amsbsy.sty
Package: amsbsy 1999/11/29 v1.2d Bold Symbols
\pmbraise@=\dimen104
)
(/usr/share/texlive/texmf-dist/tex/latex/amsmath/amsopn.sty
Package: amsopn 2016/03/08 v2.02 operator names
)
\inf@bad=\count88
LaTeX Info: Redefining \frac on input line 213.
\uproot@=\count89
\leftroot@=\count90
LaTeX Info: Redefining \overline on input line 375.
\classnum@=\count91
\DOTSCASE@=\count92
LaTeX Info: Redefining \ldots on input line 472.
LaTeX Info: Redefining \dots on input line 475.
LaTeX Info: Redefining \cdots on input line 596.
\Mathstrutbox@=\box26
\strutbox@=\box27
\big@size=\dimen105
LaTeX Font Info:    Redeclaring font encoding OML on input line 712.
LaTeX Font Info:    Redeclaring font encoding OMS on input line 713.
\macc@depth=\count93
\c@MaxMatrixCols=\count94
\dotsspace@=\muskip10
\c@parentequation=\count95
\dspbrk@lvl=\count96
\tag@help=\toks15
\row@=\count97
\column@=\count98
\maxfields@=\count99
\andhelp@=\toks16
\eqnshift@=\dimen106
\alignsep@=\dimen107
\tagshift@=\dimen108
\tagwidth@=\dimen109
\totwidth@=\dimen110
\lineht@=\dimen111
\@envbody=\toks17
\multlinegap=\skip44
\multlinetaggap=\skip45
\mathdisplay@stack=\toks18
LaTeX Info: Redefining \[ on input line 2817.
LaTeX Info: Redefining \] on input line 2818.
)
(/usr/share/texlive/texmf-dist/tex/latex/amscls/amsthm.sty
Package: amsthm 2017/10/31 v2.20.4
\thm@style=\toks19
\thm@bodyfont=\toks20
\thm@headfont=\toks21
\thm@notefont=\toks22
\thm@headpunct=\toks23
\thm@preskip=\skip46
\thm@postskip=\skip47
\thm@headsep=\skip48
\dth@everypar=\toks24
)
(/usr/share/texlive/texmf-dist/tex/latex/amsfonts/amsfonts.sty
Package: amsfonts 2013/01/14 v3.01 Basic AMSFonts support
\symAMSa=\mathgroup4
\symAMSb=\mathgroup5
LaTeX Font Info:    Overwriting math alphabet `\mathfrak' in version `bold'
(Font)                  U/euf/m/n --> U/euf/b/n on input line 106.
)
(/usr/share/texlive/texmf-dist/tex/latex/amsfonts/amssymb.sty
Package: amssymb 2013/01/14 v3.01 AMS font symbols
)
(/usr/share/texlive/texmf-dist/tex/latex/amsfonts/eucal.sty
Package: eucal 2009/06/22 v3.00 Euler Script fonts
LaTeX Font Info:    Overwriting math alphabet `\EuScript' in version `bold'
(Font)                  U/eus/m/n --> U/eus/b/n on input line 33.
)
(/usr/share/texlive/texmf-dist/tex/latex/base/latexsym.sty
Package: latexsym 1998/08/17 v2.2e Standard LaTeX package (lasy symbols)
\symlasy=\mathgroup6
LaTeX Font Info:    Overwriting symbol font `lasy' in version `bold'
(Font)                  U/lasy/m/n --> U/lasy/b/n on input line 52.
)
(/usr/share/texlive/texmf-dist/tex/generic/babel/babel.sty
Package: babel 2018/02/14 3.18 The Babel package

(/usr/share/texlive/texmf-dist/tex/generic/babel/switch.def
File: switch.def 2018/02/14 3.18 Babel switching mechanism
)
(/usr/share/texlive/texmf-dist/tex/generic/babel-portuges/portuges.ldf
Language: portuges 2008/03/18 v1.2q Portuguese support from the babel system

(/usr/share/texlive/texmf-dist/tex/generic/babel/babel.def
File: babel.def 2018/02/14 3.18 Babel common definitions
\babel@savecnt=\count100
\U@D=\dimen112

(/usr/share/texlive/texmf-dist/tex/generic/babel/txtbabel.def)
\bbl@dirlevel=\count101
)
\l@brazil = a dialect from \language\l@portuges 
Package babel Info: Making " an active character on input line 145.
))
(/usr/share/texlive/texmf-dist/tex/latex/base/inputenc.sty
Package: inputenc 2015/03/17 v1.2c Input encoding file
\inpenc@prehook=\toks25
\inpenc@posthook=\toks26

(/usr/share/texlive/texmf-dist/tex/latex/base/latin1.def
File: latin1.def 2015/03/17 v1.2c Input encoding file
))
(/usr/share/texlive/texmf-dist/tex/latex/tools/bm.sty
Package: bm 2017/01/16 v1.2c Bold Symbol Support (DPC/FMi)
\symboldoperators=\mathgroup7
\symboldletters=\mathgroup8
\symboldsymbols=\mathgroup9
\symboldlasy=\mathgroup10
LaTeX Font Info:    Redeclaring math alphabet \mathbf on input line 141.
LaTeX Info: Redefining \bm on input line 207.
)
(/usr/share/texlive/texmf-dist/tex/latex/hyperref/hyperref.sty
Package: hyperref 2018/02/06 v6.86b Hypertext links for LaTeX

(/usr/share/texlive/texmf-dist/tex/generic/oberdiek/hobsub-hyperref.sty
Package: hobsub-hyperref 2016/05/16 v1.14 Bundle oberdiek, subset hyperref (HO)


(/usr/share/texlive/texmf-dist/tex/generic/oberdiek/hobsub-generic.sty
Package: hobsub-generic 2016/05/16 v1.14 Bundle oberdiek, subset generic (HO)
Package: hobsub 2016/05/16 v1.14 Construct package bundles (HO)
Package: infwarerr 2016/05/16 v1.4 Providing info/warning/error messages (HO)
Package: ltxcmds 2016/05/16 v1.23 LaTeX kernel commands for general use (HO)
Package: ifluatex 2016/05/16 v1.4 Provides the ifluatex switch (HO)
Package ifluatex Info: LuaTeX not detected.
Package: ifvtex 2016/05/16 v1.6 Detect VTeX and its facilities (HO)
Package ifvtex Info: VTeX not detected.
Package: intcalc 2016/05/16 v1.2 Expandable calculations with integers (HO)
Package: ifpdf 2017/03/15 v3.2 Provides the ifpdf switch
Package: etexcmds 2016/05/16 v1.6 Avoid name clashes with e-TeX commands (HO)
Package etexcmds Info: Could not find \expanded.
(etexcmds)             That can mean that you are not using pdfTeX 1.50 or
(etexcmds)             that some package has redefined \expanded.
(etexcmds)             In the latter case, load this package earlier.
Package: kvsetkeys 2016/05/16 v1.17 Key value parser (HO)
Package: kvdefinekeys 2016/05/16 v1.4 Define keys (HO)
Package: pdftexcmds 2018/01/21 v0.26 Utility functions of pdfTeX for LuaTeX (HO
)
Package pdftexcmds Info: LuaTeX not detected.
Package pdftexcmds Info: \pdf@primitive is available.
Package pdftexcmds Info: \pdf@ifprimitive is available.
Package pdftexcmds Info: \pdfdraftmode found.
Package: pdfescape 2016/05/16 v1.14 Implements pdfTeX's escape features (HO)
Package: bigintcalc 2016/05/16 v1.4 Expandable calculations on big integers (HO
)
Package: bitset 2016/05/16 v1.2 Handle bit-vector datatype (HO)
Package: uniquecounter 2016/05/16 v1.3 Provide unlimited unique counter (HO)
)
Package hobsub Info: Skipping package `hobsub' (already loaded).
Package: letltxmacro 2016/05/16 v1.5 Let assignment for LaTeX macros (HO)
Package: hopatch 2016/05/16 v1.3 Wrapper for package hooks (HO)
Package: xcolor-patch 2016/05/16 xcolor patch
Package: atveryend 2016/05/16 v1.9 Hooks at the very end of document (HO)
Package atveryend Info: \enddocument detected (standard20110627).
Package: atbegshi 2016/06/09 v1.18 At begin shipout hook (HO)
Package: refcount 2016/05/16 v3.5 Data extraction from label references (HO)
Package: hycolor 2016/05/16 v1.8 Color options for hyperref/bookmark (HO)
)
(/usr/share/texlive/texmf-dist/tex/latex/graphics/keyval.sty
Package: keyval 2014/10/28 v1.15 key=value parser (DPC)
\KV@toks@=\toks27
)
(/usr/share/texlive/texmf-dist/tex/generic/ifxetex/ifxetex.sty
Package: ifxetex 2010/09/12 v0.6 Provides ifxetex conditional
)
(/usr/share/texlive/texmf-dist/tex/latex/oberdiek/auxhook.sty
Package: auxhook 2016/05/16 v1.4 Hooks for auxiliary files (HO)
)
(/usr/share/texlive/texmf-dist/tex/latex/oberdiek/kvoptions.sty
Package: kvoptions 2016/05/16 v3.12 Key value format for package options (HO)
)
\@linkdim=\dimen113
\Hy@linkcounter=\count102
\Hy@pagecounter=\count103

(/usr/share/texlive/texmf-dist/tex/latex/hyperref/pd1enc.def
File: pd1enc.def 2018/02/06 v6.86b Hyperref: PDFDocEncoding definition (HO)
)
\Hy@SavedSpaceFactor=\count104

(/usr/share/texlive/texmf-dist/tex/latex/latexconfig/hyperref.cfg
File: hyperref.cfg 2002/06/06 v1.2 hyperref configuration of TeXLive
)
Package hyperref Info: Hyper figures OFF on input line 4509.
Package hyperref Info: Link nesting OFF on input line 4514.
Package hyperref Info: Hyper index ON on input line 4517.
Package hyperref Info: Plain pages OFF on input line 4524.
Package hyperref Info: Backreferencing OFF on input line 4529.
Package hyperref Info: Implicit mode ON; LaTeX internals redefined.
Package hyperref Info: Bookmarks ON on input line 4762.
\c@Hy@tempcnt=\count105

(/usr/share/texlive/texmf-dist/tex/latex/url/url.sty
\Urlmuskip=\muskip11
Package: url 2013/09/16  ver 3.4  Verb mode for urls, etc.
)
LaTeX Info: Redefining \url on input line 5115.
\XeTeXLinkMargin=\dimen114
\Fld@menulength=\count106
\Field@Width=\dimen115
\Fld@charsize=\dimen116
Package hyperref Info: Hyper figures OFF on input line 6369.
Package hyperref Info: Link nesting OFF on input line 6374.
Package hyperref Info: Hyper index ON on input line 6377.
Package hyperref Info: backreferencing OFF on input line 6384.
Package hyperref Info: Link coloring OFF on input line 6389.
Package hyperref Info: Link coloring with OCG OFF on input line 6394.
Package hyperref Info: PDF/A mode OFF on input line 6399.
LaTeX Info: Redefining \ref on input line 6439.
LaTeX Info: Redefining \pageref on input line 6443.
\Hy@abspage=\count107
\c@Item=\count108
\c@Hfootnote=\count109
)
Package hyperref Info: Driver (autodetected): hpdftex.

(/usr/share/texlive/texmf-dist/tex/latex/hyperref/hpdftex.def
File: hpdftex.def 2018/02/06 v6.86b Hyperref driver for pdfTeX
\Fld@listcount=\count110
\c@bookmark@seq@number=\count111

(/usr/share/texlive/texmf-dist/tex/latex/oberdiek/rerunfilecheck.sty
Package: rerunfilecheck 2016/05/16 v1.8 Rerun checks for auxiliary files (HO)
Package uniquecounter Info: New unique counter `rerunfilecheck' on input line 2
82.
)
\Hy@SectionHShift=\skip49
)
(/usr/share/texlive/texmf-dist/tex/generic/xypic/xy.sty
(/usr/share/texlive/texmf-dist/tex/generic/xypic/xy.tex Bootstrap'ing:
catcodes, docmode, (/usr/share/texlive/texmf-dist/tex/generic/xypic/xyrecat.tex
) (/usr/share/texlive/texmf-dist/tex/generic/xypic/xyidioms.tex)

 Xy-pic version 3.8.9 <2013/10/06>
 Copyright (c) 1991-2013 by Kristoffer H. Rose <krisrose@tug.org> and others
 Xy-pic is free software: see the User's Guide for details.

Loading kernel: messages; fonts; allocations: state,
\X@c=\dimen117
\Y@c=\dimen118
\U@c=\dimen119
\D@c=\dimen120
\L@c=\dimen121
\R@c=\dimen122
\Edge@c=\toks28
\X@p=\dimen123
\Y@p=\dimen124
\U@p=\dimen125
\D@p=\dimen126
\L@p=\dimen127
\R@p=\dimen128
\Edge@p=\toks29
\X@origin=\dimen129
\Y@origin=\dimen130
\X@xbase=\dimen131
\Y@xbase=\dimen132
\X@ybase=\dimen133
\Y@ybase=\dimen134
\X@min=\dimen135
\Y@min=\dimen136
\X@max=\dimen137
\Y@max=\dimen138
\lastobjectbox@=\box28
\zerodotbox@=\box29
\almostz@=\dimen139
 direction,
\d@X=\dimen140
\d@Y=\dimen141
\K@=\count112
\KK@=\count113
\Direction=\count114
\K@dXdY=\dimen142
\K@dYdX=\dimen143
\xyread@=\read1
\xywrite@=\write3
\csp@=\count115
\quotPTK@=\dimen144

utility macros; pictures: \xy, positions,
\swaptoks@@=\toks30
\connectobjectbox@@=\box30
 objects,
\styletoks@=\toks31
 decorations;
kernel objects: directionals, circles, text; options; algorithms: directions,
edges, connections;  Xy-pic loaded)
Package: xy 2013/10/06 Xy-pic version 3.8.9

(/usr/share/texlive/texmf-dist/tex/generic/xypic/xyall.tex
 Xy-pic option: All features v.3.8
(/usr/share/texlive/texmf-dist/tex/generic/xypic/xycurve.tex
 Xy-pic option: Curve and Spline extension v.3.12 curve,
\crv@cnt@=\count116
\crvpts@=\toks32
\splinebox@=\box31
\splineval@=\dimen145
\splinedepth@=\dimen146
\splinetol@=\dimen147
\splinelength@=\dimen148
 circles,
\L@=\dimen149
 loaded)
(/usr/share/texlive/texmf-dist/tex/generic/xypic/xyframe.tex
 Xy-pic option: Frame and Bracket extension v.3.14 loaded)
(/usr/share/texlive/texmf-dist/tex/generic/xypic/xycmtip.tex
 Xy-pic option: Computer Modern tip extension v.3.7
(/usr/share/texlive/texmf-dist/tex/generic/xypic/xytips.tex
 Xy-pic option: More Tips extension v.3.11 loaded) loaded)
(/usr/share/texlive/texmf-dist/tex/generic/xypic/xyline.tex
 Xy-pic option: Line styles extension v.3.10
\xylinethick@=\dimen150
 loaded)
(/usr/share/texlive/texmf-dist/tex/generic/xypic/xyrotate.tex
 Xy-pic option: Rotate and Scale extension v.3.8 loaded)
(/usr/share/texlive/texmf-dist/tex/generic/xypic/xycolor.tex
 Xy-pic option: Colour extension v.3.11 loaded)
(/usr/share/texlive/texmf-dist/tex/generic/xypic/xymatrix.tex
 Xy-pic option: Matrix feature v.3.14
\Row=\count117
\Col=\count118
\queue@=\toks33
\queue@@=\toks34
\qcount@=\count119
\qcount@@=\count120
\matrixsize@=\count121
 loaded)
(/usr/share/texlive/texmf-dist/tex/generic/xypic/xyarrow.tex
 Xy-pic option: Arrow and Path feature v.3.9 path, \ar, loaded)
(/usr/share/texlive/texmf-dist/tex/generic/xypic/xygraph.tex
 Xy-pic option: Graph feature v.3.11 loaded) loaded)
(/usr/share/texlive/texmf-dist/tex/generic/xypic/xypdf.tex
 Xy-pic option: PDF driver v.1.7 Xy-pic pdf driver: `color' extension support
(/usr/share/texlive/texmf-dist/tex/generic/xypic/xypdf-co.tex loaded)
Xy-pic pdf driver: `curve' extension support
(/usr/share/texlive/texmf-dist/tex/generic/xypic/xypdf-cu.tex loaded)
Xy-pic pdf driver: `frame' extension support
(/usr/share/texlive/texmf-dist/tex/generic/xypic/xypdf-fr.tex loaded)
Xy-pic pdf driver: `line' extension support
(/usr/share/texlive/texmf-dist/tex/generic/xypic/xypdf-li.tex loaded)
Xy-pic pdf driver: `rotate' extension support
(/usr/share/texlive/texmf-dist/tex/generic/xypic/xypdf-ro.tex loaded) loaded))
(/usr/share/texlive/texmf-dist/tex/latex/graphics/graphicx.sty
Package: graphicx 2017/06/01 v1.1a Enhanced LaTeX Graphics (DPC,SPQR)

(/usr/share/texlive/texmf-dist/tex/latex/graphics/graphics.sty
Package: graphics 2017/06/25 v1.2c Standard LaTeX Graphics (DPC,SPQR)

(/usr/share/texlive/texmf-dist/tex/latex/graphics/trig.sty
Package: trig 2016/01/03 v1.10 sin cos tan (DPC)
)
(/usr/share/texlive/texmf-dist/tex/latex/graphics-cfg/graphics.cfg
File: graphics.cfg 2016/06/04 v1.11 sample graphics configuration
)
Package graphics Info: Driver file: pdftex.def on input line 99.

(/usr/share/texlive/texmf-dist/tex/latex/graphics-def/pdftex.def
File: pdftex.def 2018/01/08 v1.0l Graphics/color driver for pdftex
))
\Gin@req@height=\dimen151
\Gin@req@width=\dimen152
)
(/usr/share/texlive/texmf-dist/tex/latex/caption/caption.sty
Package: caption 2016/02/21 v3.3-144 Customizing captions (AR)

(/usr/share/texlive/texmf-dist/tex/latex/caption/caption3.sty
Package: caption3 2016/05/22 v1.7-166 caption3 kernel (AR)
Package caption3 Info: TeX engine: e-TeX on input line 67.
\captionmargin=\dimen153
\captionmargin@=\dimen154
\captionwidth=\dimen155
\caption@tempdima=\dimen156
\caption@indent=\dimen157
\caption@parindent=\dimen158
\caption@hangindent=\dimen159
)
\c@ContinuedFloat=\count122
Package caption Info: hyperref package is loaded.
)
(/usr/share/texlive/texmf-dist/tex/latex/listings/listings.sty
\lst@mode=\count123
\lst@gtempboxa=\box32
\lst@token=\toks35
\lst@length=\count124
\lst@currlwidth=\dimen160
\lst@column=\count125
\lst@pos=\count126
\lst@lostspace=\dimen161
\lst@width=\dimen162
\lst@newlines=\count127
\lst@lineno=\count128
\lst@maxwidth=\dimen163

(/usr/share/texlive/texmf-dist/tex/latex/listings/lstmisc.sty
File: lstmisc.sty 2015/06/04 1.6 (Carsten Heinz)
\c@lstnumber=\count129
\lst@skipnumbers=\count130
\lst@framebox=\box33
)
(/usr/share/texlive/texmf-dist/tex/latex/listings/listings.cfg
File: listings.cfg 2015/06/04 1.6 listings configuration
))
Package: listings 2015/06/04 1.6 (Carsten Heinz)

(/usr/share/texlive/texmf-dist/tex/latex/graphics/color.sty
Package: color 2016/07/10 v1.1e Standard LaTeX Color (DPC)

(/usr/share/texlive/texmf-dist/tex/latex/graphics-cfg/color.cfg
File: color.cfg 2016/01/02 v1.6 sample color configuration
)
Package color Info: Driver file: pdftex.def on input line 147.
)
\c@theorem=\count131
\c@axiom=\count132
\c@corollary=\count133
\c@lemma=\count134
\c@proposition=\count135
\c@definition=\count136
\c@example=\count137
\c@remark=\count138

(/usr/share/texlive/texmf-dist/tex/latex/listings/lstlang1.sty
File: lstlang1.sty 2015/06/04 1.6 listings language file
) (./vINICIAL.aux

LaTeX Warning: Label `lst:NluModle' multiply defined.

)
\openout1 = `vINICIAL.aux'.

LaTeX Font Info:    Checking defaults for OML/cmm/m/it on input line 87.
LaTeX Font Info:    ... okay on input line 87.
LaTeX Font Info:    Checking defaults for T1/cmr/m/n on input line 87.
LaTeX Font Info:    ... okay on input line 87.
LaTeX Font Info:    Checking defaults for OT1/cmr/m/n on input line 87.
LaTeX Font Info:    ... okay on input line 87.
LaTeX Font Info:    Checking defaults for OMS/cmsy/m/n on input line 87.
LaTeX Font Info:    ... okay on input line 87.
LaTeX Font Info:    Checking defaults for OMX/cmex/m/n on input line 87.
LaTeX Font Info:    ... okay on input line 87.
LaTeX Font Info:    Checking defaults for U/cmr/m/n on input line 87.
LaTeX Font Info:    ... okay on input line 87.
LaTeX Font Info:    Checking defaults for PD1/pdf/m/n on input line 87.
LaTeX Font Info:    ... okay on input line 87.
\AtBeginShipoutBox=\box34
Package hyperref Info: Link coloring OFF on input line 87.
 (/usr/share/texlive/texmf-dist/tex/latex/hyperref/nameref.sty
Package: nameref 2016/05/21 v2.44 Cross-referencing by name of section

(/usr/share/texlive/texmf-dist/tex/generic/oberdiek/gettitlestring.sty
Package: gettitlestring 2016/05/16 v1.5 Cleanup title references (HO)
)
\c@section@level=\count139
)
LaTeX Info: Redefining \ref on input line 87.
LaTeX Info: Redefining \pageref on input line 87.
LaTeX Info: Redefining \nameref on input line 87.

(./vINICIAL.out) (./vINICIAL.out)
\@outlinefile=\write4
\openout4 = `vINICIAL.out'.

LaTeX Font Info:    Try loading font information for U+msa on input line 87.

(/usr/share/texlive/texmf-dist/tex/latex/amsfonts/umsa.fd
File: umsa.fd 2013/01/14 v3.01 AMS symbols A
)
LaTeX Font Info:    Try loading font information for U+msb on input line 87.

(/usr/share/texlive/texmf-dist/tex/latex/amsfonts/umsb.fd
File: umsb.fd 2013/01/14 v3.01 AMS symbols B
)
LaTeX Font Info:    Try loading font information for U+lasy on input line 87.

(/usr/share/texlive/texmf-dist/tex/latex/base/ulasy.fd
File: ulasy.fd 1998/08/17 v2.2e LaTeX symbol font definitions
)
LaTeX Font Info:    Font shape `U/lasy/b/n' in size <8> not available
(Font)              Font shape `U/lasy/m/n' tried instead on input line 87.
LaTeX Font Info:    Font shape `U/lasy/b/n' in size <6> not available
(Font)              Font shape `U/lasy/m/n' tried instead on input line 87.
Package xypdf Info: Line width: 0.47998pt on input line 87.

(/usr/share/texlive/texmf-dist/tex/context/base/mkii/supp-pdf.mkii
[Loading MPS to PDF converter (version 2006.09.02).]
\scratchcounter=\count140
\scratchdimen=\dimen164
\scratchbox=\box35
\nofMPsegments=\count141
\nofMParguments=\count142
\everyMPshowfont=\toks36
\MPscratchCnt=\count143
\MPscratchDim=\dimen165
\MPnumerator=\count144
\makeMPintoPDFobject=\count145
\everyMPtoPDFconversion=\toks37
) (/usr/share/texlive/texmf-dist/tex/latex/oberdiek/epstopdf-base.sty
Package: epstopdf-base 2016/05/15 v2.6 Base part for package epstopdf

(/usr/share/texlive/texmf-dist/tex/latex/oberdiek/grfext.sty
Package: grfext 2016/05/16 v1.2 Manage graphics extensions (HO)
)
Package epstopdf-base Info: Redefining graphics rule for `.eps' on input line 4
38.
Package grfext Info: Graphics extension search list:
(grfext)             [.pdf,.png,.jpg,.mps,.jpeg,.jbig2,.jb2,.PDF,.PNG,.JPG,.JPE
G,.JBIG2,.JB2,.eps]
(grfext)             \AppendGraphicsExtensions on input line 456.

(/usr/share/texlive/texmf-dist/tex/latex/latexconfig/epstopdf-sys.cfg
File: epstopdf-sys.cfg 2010/07/13 v1.3 Configuration of (r)epstopdf for TeX Liv
e
))
Package caption Info: Begin \AtBeginDocument code.
Package caption Info: listings package is loaded.
Package caption Info: End \AtBeginDocument code.
\c@lstlisting=\count146

Overfull \hbox (125.81104pt too wide) in paragraph at lines 141--141
[]  
 []

Package babel Info: Redefining portuges shorthand "|
(babel)             in language append on input line 141.
Package babel Info: Redefining portuges shorthand "|
(babel)             in language append on input line 141.
[1

{/var/lib/texmf/fonts/map/pdftex/updmap/pdftex.map}]
Package babel Info: Redefining portuges shorthand "|
(babel)             in language append on input line 141.
Package babel Info: Redefining portuges shorthand "|
(babel)             in language append on input line 141.
pdfTeX warning (ext4): destination with the same identifier (name{page.1}) has 
been already used, duplicate ignored
<to be read again> 
                   \relax 
l.141 
       [1]
Package babel Info: Redefining portuges shorthand "|
(babel)             in language append on input line 141.
Package babel Info: Redefining portuges shorthand "|
(babel)             in language append on input line 141.
pdfTeX warning (ext4): destination with the same identifier (name{page.1}) has 
been already used, duplicate ignored
<to be read again> 
                   \relax 
l.141 
       [1]
Underfull \hbox (badness 10000) in paragraph at lines 141--141

 []

Package babel Info: Redefining portuges shorthand "|
(babel)             in language append on input line 141.
Package babel Info: Redefining portuges shorthand "|
(babel)             in language append on input line 141.
pdfTeX warning (ext4): destination with the same identifier (name{page.1}) has 
been already used, duplicate ignored
<to be read again> 
                   \relax 
l.141 
       [1]
Package babel Info: Redefining portuges shorthand "|
(babel)             in language append on input line 153.
Package babel Info: Redefining portuges shorthand "|
(babel)             in language append on input line 153.
pdfTeX warning (ext4): destination with the same identifier (name{page.1}) has 
been already used, duplicate ignored
<to be read again> 
                   \relax 
l.153 	\resumo{Abstract}
                         The evidence of the practice of food delivery goes ...
[1

]
Package babel Info: Redefining portuges shorthand "|
(babel)             in language append on input line 162.
Package babel Info: Redefining portuges shorthand "|
(babel)             in language append on input line 162.
 [2

]
Package babel Info: Redefining portuges shorthand "|
(babel)             in language append on input line 172.
Package babel Info: Redefining portuges shorthand "|
(babel)             in language append on input line 172.
 [3

]
Package babel Info: Redefining portuges shorthand "|
(babel)             in language append on input line 177.
Package babel Info: Redefining portuges shorthand "|
(babel)             in language append on input line 177.
 [4] (./vINICIAL.toc
Package babel Info: Redefining portuges shorthand "|
(babel)             in language append on input line 23.
Package babel Info: Redefining portuges shorthand "|
(babel)             in language append on input line 23.
 [5

]
Package babel Info: Redefining portuges shorthand "|
(babel)             in language append on input line 49.
Package babel Info: Redefining portuges shorthand "|
(babel)             in language append on input line 49.
 [6])
\tf@toc=\write5
\openout5 = `vINICIAL.toc'.

Package babel Info: Redefining portuges shorthand "|
(babel)             in language append on input line 183.
Package babel Info: Redefining portuges shorthand "|
(babel)             in language append on input line 183.
 [7]
Package babel Info: Redefining portuges shorthand "|
(babel)             in language append on input line 183.
 (./vINICIAL.lof
Overfull \hbox (5.20926pt too wide) in paragraph at lines 6--6
 [][] [][]\OT1/cmr/m/n/12 Quando ^^Se poss^^S^^Pvel criar um \OT1/cmr/m/it/12 F
ra-mework\OT1/cmr/m/n/12 , se-gundo Jac-ques Sauv^^Se (Fra-meworks 
 []

)
\tf@lof=\write6
\openout6 = `vINICIAL.lof'.

Package babel Info: Redefining portuges shorthand "|
(babel)             in language append on input line 184.
Package babel Info: Redefining portuges shorthand "|
(babel)             in language append on input line 184.
 [8

]
Package babel Info: Redefining portuges shorthand "|
(babel)             in language append on input line 184.
 (./vINICIAL.lot)
\tf@lot=\write7
\openout7 = `vINICIAL.lot'.

Package babel Info: Redefining portuges shorthand "|
(babel)             in language append on input line 187.
Package babel Info: Redefining portuges shorthand "|
(babel)             in language append on input line 187.
 [9

] (./vINICIAL.lol)
\tf@lol=\write8
\openout8 = `vINICIAL.lol'.

Package babel Info: Redefining portuges shorthand "|
(babel)             in language append on input line 188.
Package babel Info: Redefining portuges shorthand "|
(babel)             in language append on input line 194.
Package babel Info: Redefining portuges shorthand "|
(babel)             in language append on input line 194.
 [10

]
Underfull \hbox (badness 10000) in paragraph at lines 196--212

 []

Package babel Info: Redefining portuges shorthand "|
(babel)             in language append on input line 213.
Package babel Info: Redefining portuges shorthand "|
(babel)             in language append on input line 218.
Package babel Info: Redefining portuges shorthand "|
(babel)             in language append on input line 218.
[11

]
Cap\'{\i }tulo 1.
Package babel Info: Redefining portuges shorthand "|
(babel)             in language append on input line 218.
Package babel Info: Redefining portuges shorthand "|
(babel)             in language append on input line 237.
Package babel Info: Redefining portuges shorthand "|
(babel)             in language append on input line 237.
[12

]
Package babel Info: Redefining portuges shorthand "|
(babel)             in language append on input line 247.
Package babel Info: Redefining portuges shorthand "|
(babel)             in language append on input line 247.
 [13]
Cap\'{\i }tulo 2.
Package babel Info: Redefining portuges shorthand "|
(babel)             in language append on input line 247.
Package babel Info: Redefining portuges shorthand "|
(babel)             in language append on input line 256.
Package babel Info: Redefining portuges shorthand "|
(babel)             in language append on input line 261.
Package babel Info: Redefining portuges shorthand "|
(babel)             in language append on input line 261.
[14

]
Package babel Info: Redefining portuges shorthand "|
(babel)             in language append on input line 266.
Package babel Info: Redefining portuges shorthand "|
(babel)             in language append on input line 271.
Package babel Info: Redefining portuges shorthand "|
(babel)             in language append on input line 276.
Package babel Info: Redefining portuges shorthand "|
(babel)             in language append on input line 276.
 [15]
Overfull \hbox (1.81004pt too wide) in paragraph at lines 277--278
[]\OT1/cmr/m/n/12 Segundo Oli-veira (2002), uma pa-la-vra em uma sen-ten^^Xca g
ra-ma-ti-cal-mente v^^Salida
 []

Package babel Info: Redefining portuges shorthand "|
(babel)             in language append on input line 279.
Package babel Info: Redefining portuges shorthand "|
(babel)             in language append on input line 286.
Package babel Info: Redefining portuges shorthand "|
(babel)             in language append on input line 291.
Package babel Info: Redefining portuges shorthand "|
(babel)             in language append on input line 291.
[16]
Overfull \hbox (16.8349pt too wide) in paragraph at lines 295--296
[]\OT1/cmr/m/n/12 Ao fi-nal da an^^Salise sem^antica s~ao cons-tru^^S^^Pdas as 
cha-ma-das Gram^^Saticas Sem^anticas,
 []

Package babel Info: Redefining portuges shorthand "|
(babel)             in language append on input line 297.
Package babel Info: Redefining portuges shorthand "|
(babel)             in language append on input line 302.
Package babel Info: Redefining portuges shorthand "|
(babel)             in language append on input line 304.
Package babel Info: Redefining portuges shorthand "|
(babel)             in language append on input line 304.
[17]
Package babel Info: Redefining portuges shorthand "|
(babel)             in language append on input line 311.
Package babel Info: Redefining portuges shorthand "|
(babel)             in language append on input line 315.
Package babel Info: Redefining portuges shorthand "|
(babel)             in language append on input line 315.
 [18]
Package babel Info: Redefining portuges shorthand "|
(babel)             in language append on input line 325.
Package babel Info: Redefining portuges shorthand "|
(babel)             in language append on input line 325.
 [19]
Package babel Info: Redefining portuges shorthand "|
(babel)             in language append on input line 328.
Package babel Info: Redefining portuges shorthand "|
(babel)             in language append on input line 334.
Package babel Info: Redefining portuges shorthand "|
(babel)             in language append on input line 336.
Package babel Info: Redefining portuges shorthand "|
(babel)             in language append on input line 336.
 [20]
Package babel Info: Redefining portuges shorthand "|
(babel)             in language append on input line 337.
LaTeX Font Info:    Try loading font information for OMS+cmr on input line 344.

 (/usr/share/texlive/texmf-dist/tex/latex/base/omscmr.fd
File: omscmr.fd 2014/09/29 v2.5h Standard LaTeX font definitions
)
LaTeX Font Info:    Font shape `OMS/cmr/m/n' in size <12> not available
(Font)              Font shape `OMS/cmsy/m/n' tried instead on input line 344.
Package babel Info: Redefining portuges shorthand "|
(babel)             in language append on input line 354.
Package babel Info: Redefining portuges shorthand "|
(babel)             in language append on input line 354.

[21]
Package babel Info: Redefining portuges shorthand "|
(babel)             in language append on input line 365.
Package babel Info: Redefining portuges shorthand "|
(babel)             in language append on input line 368.
Package babel Info: Redefining portuges shorthand "|
(babel)             in language append on input line 368.
 [22]
Package babel Info: Redefining portuges shorthand "|
(babel)             in language append on input line 372.
Package babel Info: Redefining portuges shorthand "|
(babel)             in language append on input line 372.
 [23]
Cap\'{\i }tulo 3.
Package babel Info: Redefining portuges shorthand "|
(babel)             in language append on input line 372.
Package babel Info: Redefining portuges shorthand "|
(babel)             in language append on input line 375.
Package babel Info: Redefining portuges shorthand "|
(babel)             in language append on input line 381.
Package babel Info: Redefining portuges shorthand "|
(babel)             in language append on input line 383.
Package babel Info: Redefining portuges shorthand "|
(babel)             in language append on input line 383.
[24

]
Package babel Info: Redefining portuges shorthand "|
(babel)             in language append on input line 383.
Package babel Info: Redefining portuges shorthand "|
(babel)             in language append on input line 392.

Overfull \hbox (5.9727pt too wide) in paragraph at lines 395--396
[]\OT1/cmr/m/n/12 O com-por-ta-mento de ALICE est^^Sa re-la-ci-o-nado a ca-te-g
or^^S^^Pas de-fi-ni-das por padr~oes,
 []

Package babel Info: Redefining portuges shorthand "|
(babel)             in language append on input line 398.
Package babel Info: Redefining portuges shorthand "|
(babel)             in language append on input line 398.
[25]
Package babel Info: Redefining portuges shorthand "|
(babel)             in language append on input line 399.
Package babel Info: Redefining portuges shorthand "|
(babel)             in language append on input line 404.
Package babel Info: Redefining portuges shorthand "|
(babel)             in language append on input line 404.
 [26]
Cap\'{\i }tulo 4.
Package babel Info: Redefining portuges shorthand "|
(babel)             in language append on input line 404.
Package babel Info: Redefining portuges shorthand "|
(babel)             in language append on input line 406.
<./media/abordagem1.png, id=461, 607.26875pt x 297.11pt>
File: ./media/abordagem1.png Graphic file (type png)
<use ./media/abordagem1.png>
Package pdftex.def Info: ./media/abordagem1.png  used on input line 416.
(pdftex.def)             Requested size: 453.14317pt x 221.8799pt.
Package babel Info: Redefining portuges shorthand "|
(babel)             in language append on input line 421.
Package babel Info: Redefining portuges shorthand "|
(babel)             in language append on input line 421.
[27

]
Package babel Info: Redefining portuges shorthand "|
(babel)             in language append on input line 423.
Package babel Info: Redefining portuges shorthand "|
(babel)             in language append on input line 425.
Package babel Info: Redefining portuges shorthand "|
(babel)             in language append on input line 425.
 [28 <./media/abordagem1.png>]
Package babel Info: Redefining portuges shorthand "|
(babel)             in language append on input line 446.
Package babel Info: Redefining portuges shorthand "|
(babel)             in language append on input line 446.
 [29]
Package babel Info: Redefining portuges shorthand "|
(babel)             in language append on input line 456.

Overfull \hbox (2.61024pt too wide) in paragraph at lines 461--461
\OT1/cmr/m/n/10.95 sumo de re-cur-sos e im-ple-menta^^Xc~ao (ge-ral-mente re-fe
-rido como co-di-fica^^Xc~ao)
 []

Package babel Info: Redefining portuges shorthand "|
(babel)             in language append on input line 465.
Package babel Info: Redefining portuges shorthand "|
(babel)             in language append on input line 465.
[30]
Package babel Info: Redefining portuges shorthand "|
(babel)             in language append on input line 481.
Package babel Info: Redefining portuges shorthand "|
(babel)             in language append on input line 481.
 [31]
Package babel Info: Redefining portuges shorthand "|
(babel)             in language append on input line 481.
Package babel Info: Redefining portuges shorthand "|
(babel)             in language append on input line 491.
Package babel Info: Redefining portuges shorthand "|
(babel)             in language append on input line 497.
Package babel Info: Redefining portuges shorthand "|
(babel)             in language append on input line 497.
 [32]
Overfull \hbox (14.11586pt too wide) in paragraph at lines 498--499
\OT1/cmr/m/n/12 fi-cando ape-nas as par-ti-cu-la-ri-da-des de cada aplica^^Xc~a
o. Ao usar esse o termo $\$particularidades$"$
 []

<./media/abordagem2.png, id=502, 539.76656pt x 256.70906pt>
File: ./media/abordagem2.png Graphic file (type png)
<use ./media/abordagem2.png>
Package pdftex.def Info: ./media/abordagem2.png  used on input line 510.
(pdftex.def)             Requested size: 453.1455pt x 216.0885pt.
Package babel Info: Redefining portuges shorthand "|
(babel)             in language append on input line 515.
Package babel Info: Redefining portuges shorthand "|
(babel)             in language append on input line 517.
Package babel Info: Redefining portuges shorthand "|
(babel)             in language append on input line 517.
[33 <./media/abordagem2.png>]
Overfull \hbox (0.12897pt too wide) in paragraph at lines 518--519
\OT1/cmr/m/n/12 quanto ou-tras est~ao re-la-ci-o-na-dos a fun-ci-o-na-li-da-des
 mais ge-rais de apren-di-zado de m^^Saquina.
 []

Package babel Info: Redefining portuges shorthand "|
(babel)             in language append on input line 532.
Package babel Info: Redefining portuges shorthand "|
(babel)             in language append on input line 532.
[34]
<./media/abordagem3.png, id=516, 887.315pt x 306.14375pt>
File: ./media/abordagem3.png Graphic file (type png)
<use ./media/abordagem3.png>
Package pdftex.def Info: ./media/abordagem3.png  used on input line 546.
(pdftex.def)             Requested size: 453.12039pt x 156.8226pt.
Package babel Info: Redefining portuges shorthand "|
(babel)             in language append on input line 555.
Package babel Info: Redefining portuges shorthand "|
(babel)             in language append on input line 555.
 [35 <./media/abordagem3.png>]
Package babel Info: Redefining portuges shorthand "|
(babel)             in language append on input line 556.
Package babel Info: Redefining portuges shorthand "|
(babel)             in language append on input line 560.
Package babel Info: Redefining portuges shorthand "|
(babel)             in language append on input line 565.
Package babel Info: Redefining portuges shorthand "|
(babel)             in language append on input line 567.
Package babel Info: Redefining portuges shorthand "|
(babel)             in language append on input line 567.
 [36

]
Package babel Info: Redefining portuges shorthand "|
(babel)             in language append on input line 567.
Package babel Info: Redefining portuges shorthand "|
(babel)             in language append on input line 577.
Package babel Info: Redefining portuges shorthand "|
(babel)             in language append on input line 581.
Package babel Info: Redefining portuges shorthand "|
(babel)             in language append on input line 581.
 [37]
Package babel Info: Redefining portuges shorthand "|
(babel)             in language append on input line 581.
Package babel Info: Redefining portuges shorthand "|
(babel)             in language append on input line 581.
 [38]
Cap\'{\i }tulo 5.
Package babel Info: Redefining portuges shorthand "|
(babel)             in language append on input line 583.
Package babel Info: Redefining portuges shorthand "|
(babel)             in language append on input line 587.

Overfull \hbox (0.28613pt too wide) in paragraph at lines 589--590
[]\OT1/cmr/m/n/12 Abordamos, nos t^^Sopicos an-te-ri-o-res, no^^Xc~oes e ca-rac
-ter^^S^^Psticas do \OT1/cmr/m/it/12 fra-mework \OT1/cmr/m/n/12 Rasa.
 []


Underfull \hbox (badness 10000) in paragraph at lines 591--592

 []

Package babel Info: Redefining portuges shorthand "|
(babel)             in language append on input line 627.
Package babel Info: Redefining portuges shorthand "|
(babel)             in language append on input line 627.
[39


]
Package babel Info: Redefining portuges shorthand "|
(babel)             in language append on input line 627.
Package babel Info: Redefining portuges shorthand "|
(babel)             in language append on input line 627.
 [40]
Package babel Info: Redefining portuges shorthand "|
(babel)             in language append on input line 682.
Package babel Info: Redefining portuges shorthand "|
(babel)             in language append on input line 687.
Package babel Info: Redefining portuges shorthand "|
(babel)             in language append on input line 687.
 [41

]
Package babel Info: Redefining portuges shorthand "|
(babel)             in language append on input line 699.
Package babel Info: Redefining portuges shorthand "|
(babel)             in language append on input line 701.
Package babel Info: Redefining portuges shorthand "|
(babel)             in language append on input line 701.
 [42]
Overfull \hbox (9.18028pt too wide) in paragraph at lines 704--704
\OT1/cmr/m/n/10.95 ind^^Sustria para de-sen-vol-vi-mento, teste e trei-na-mento
 em ^^Sunica m^^Saquina.[[]] 
 []

LaTeX Font Info:    Font shape `U/lasy/b/n' in size <7> not available
(Font)              Font shape `U/lasy/m/n' tried instead on input line 710.
LaTeX Font Info:    Font shape `U/lasy/b/n' in size <5> not available
(Font)              Font shape `U/lasy/m/n' tried instead on input line 710.
Package babel Info: Redefining portuges shorthand "|
(babel)             in language append on input line 735.
Package babel Info: Redefining portuges shorthand "|
(babel)             in language append on input line 735.
[43]
Package babel Info: Redefining portuges shorthand "|
(babel)             in language append on input line 756.
<./media/teste1.png, id=588, 202.7575pt x 338.26375pt>
File: ./media/teste1.png Graphic file (type png)
<use ./media/teste1.png>
Package pdftex.def Info: ./media/teste1.png  used on input line 764.
(pdftex.def)             Requested size: 150.32593pt x 252.23131pt.
Package babel Info: Redefining portuges shorthand "|
(babel)             in language append on input line 775.
Package babel Info: Redefining portuges shorthand "|
(babel)             in language append on input line 781.
Package babel Info: Redefining portuges shorthand "|
(babel)             in language append on input line 781.
 [44]
Package babel Info: Redefining portuges shorthand "|
(babel)             in language append on input line 782.
Package babel Info: Redefining portuges shorthand "|
(babel)             in language append on input line 782.
 [45 <./media/teste1.png (PNG copy)>]
Package hyperref Info: bookmark level for unknown lstlisting defaults to 0 on i
nput line 782.
Package babel Info: Redefining portuges shorthand "|
(babel)             in language append on input line 816.
Package babel Info: Redefining portuges shorthand "|
(babel)             in language append on input line 816.
 [46]
Package babel Info: Redefining portuges shorthand "|
(babel)             in language append on input line 839.
Package babel Info: Redefining portuges shorthand "|
(babel)             in language append on input line 839.
 [47]
Package babel Info: Redefining portuges shorthand "|
(babel)             in language append on input line 840.

Overfull \hbox (11.86787pt too wide) in paragraph at lines 852--853
[]\OT1/cmr/m/n/12 Todo o c^^Sodigo ne-cess^^Sario para exe-cu-tar, se en-con-tr
a no ar-quivo \OT1/cmr/m/it/12 on-line[]training.py\OT1/cmr/m/n/12 ,
 []

Package babel Info: Redefining portuges shorthand "|
(babel)             in language append on input line 864.
Package babel Info: Redefining portuges shorthand "|
(babel)             in language append on input line 864.
[48]
Underfull \hbox (badness 10000) in paragraph at lines 891--892

 []

Package babel Info: Redefining portuges shorthand "|
(babel)             in language append on input line 893.
Package babel Info: Redefining portuges shorthand "|
(babel)             in language append on input line 896.
Package babel Info: Redefining portuges shorthand "|
(babel)             in language append on input line 896.
[49]
Package babel Info: Redefining portuges shorthand "|
(babel)             in language append on input line 897.

Underfull \hbox (badness 10000) in paragraph at lines 898--907

 []


Underfull \hbox (badness 10000) in paragraph at lines 898--907

 []


Underfull \hbox (badness 10000) in paragraph at lines 898--907

 []

Package babel Info: Redefining portuges shorthand "|
(babel)             in language append on input line 908.
Package babel Info: Redefining portuges shorthand "|
(babel)             in language append on input line 911.
Package babel Info: Redefining portuges shorthand "|
(babel)             in language append on input line 911.
[50]
Package babel Info: Redefining portuges shorthand "|
(babel)             in language append on input line 919.
Package babel Info: Redefining portuges shorthand "|
(babel)             in language append on input line 924.
Package babel Info: Redefining portuges shorthand "|
(babel)             in language append on input line 933.
Package babel Info: Redefining portuges shorthand "|
(babel)             in language append on input line 933.
 [51]
Package babel Info: Redefining portuges shorthand "|
(babel)             in language append on input line 963.
Package babel Info: Redefining portuges shorthand "|
(babel)             in language append on input line 965.
Package babel Info: Redefining portuges shorthand "|
(babel)             in language append on input line 965.
 [52]
Package babel Info: Redefining portuges shorthand "|
(babel)             in language append on input line 989.
Package babel Info: Redefining portuges shorthand "|
(babel)             in language append on input line 989.
 [53]
Package babel Info: Redefining portuges shorthand "|
(babel)             in language append on input line 1029.
Package babel Info: Redefining portuges shorthand "|
(babel)             in language append on input line 1029.
 [54]
Package babel Info: Redefining portuges shorthand "|
(babel)             in language append on input line 1047.

Underfull \hbox (badness 10000) in paragraph at lines 1056--1057

 []

Package babel Info: Redefining portuges shorthand "|
(babel)             in language append on input line 1058.
Package babel Info: Redefining portuges shorthand "|
(babel)             in language append on input line 1058.
[55]
Package babel Info: Redefining portuges shorthand "|
(babel)             in language append on input line 1096.
Package babel Info: Redefining portuges shorthand "|
(babel)             in language append on input line 1096.
 [56]
<./media/teste9.png, id=814, 631.35875pt x 220.825pt>
File: ./media/teste9.png Graphic file (type png)
<use ./media/teste9.png>
Package pdftex.def Info: ./media/teste9.png  used on input line 1103.
(pdftex.def)             Requested size: 400.3785pt x 140.20883pt.
Package babel Info: Redefining portuges shorthand "|
(babel)             in language append on input line 1113.
Package babel Info: Redefining portuges shorthand "|
(babel)             in language append on input line 1126.
Package babel Info: Redefining portuges shorthand "|
(babel)             in language append on input line 1126.
 [57 <./media/teste9.png>]
Package babel Info: Redefining portuges shorthand "|
(babel)             in language append on input line 1164.
Package babel Info: Redefining portuges shorthand "|
(babel)             in language append on input line 1164.
 [58]
Package babel Info: Redefining portuges shorthand "|
(babel)             in language append on input line 1164.
<./media/teste11.png, id=860, 644.4075pt x 58.2175pt>
File: ./media/teste11.png Graphic file (type png)
<use ./media/teste11.png>
Package pdftex.def Info: ./media/teste11.png  used on input line 1174.
(pdftex.def)             Requested size: 427.12935pt x 39.02682pt.
<./media/teste12.png, id=861, 498.86375pt x 629.35126pt>
File: ./media/teste12.png Graphic file (type png)
<use ./media/teste12.png>
Package pdftex.def Info: ./media/teste12.png  used on input line 1188.
(pdftex.def)             Requested size: 273.14922pt x 344.60776pt.
Package babel Info: Redefining portuges shorthand "|
(babel)             in language append on input line 1196.
Package babel Info: Redefining portuges shorthand "|
(babel)             in language append on input line 1196.
 [59 <./media/teste11.png>]
Package babel Info: Redefining portuges shorthand "|
(babel)             in language append on input line 1196.
Package babel Info: Redefining portuges shorthand "|
(babel)             in language append on input line 1196.
 [60 <./media/teste12.png>]
Cap\'{\i }tulo 6.
Package babel Info: Redefining portuges shorthand "|
(babel)             in language append on input line 1196.
Package babel Info: Redefining portuges shorthand "|
(babel)             in language append on input line 1201.
Package babel Info: Redefining portuges shorthand "|
(babel)             in language append on input line 1201.
[61

]
Package babel Info: Redefining portuges shorthand "|
(babel)             in language append on input line 1209.
Package babel Info: Redefining portuges shorthand "|
(babel)             in language append on input line 1209.
 [62]
Package babel Info: Redefining portuges shorthand "|
(babel)             in language append on input line 1211.
Package babel Info: Redefining portuges shorthand "|
(babel)             in language append on input line 1211.
 [63]
Cap\'{\i }tulo 7.
Package babel Info: Redefining portuges shorthand "|
(babel)             in language append on input line 1211.
Package babel Info: Redefining portuges shorthand "|
(babel)             in language append on input line 1222.
Package babel Info: Redefining portuges shorthand "|
(babel)             in language append on input line 1222.
[64

]
Package babel Info: Redefining portuges shorthand "|
(babel)             in language append on input line 1226.
Package babel Info: Redefining portuges shorthand "|
(babel)             in language append on input line 1226.
 [65]
Package babel Info: Redefining portuges shorthand "|
(babel)             in language append on input line 1226.

Underfull \hbox (badness 10000) in paragraph at lines 1232--1233
[]\OT1/cmr/m/n/12 Xavier, Maur^^S^^Pcio. \OT1/cmr/m/it/12 A moda de pe-dir pizz
a pelo te-le-fone\OT1/cmr/m/n/12 . Dis-
 []


Underfull \hbox (badness 10000) in paragraph at lines 1232--1233
\OT1/cmr/m/n/12 pon^^S^^Pvel em: []$\OT1/cmtt/m/n/12 https : / / vejasp . abril
 . com . br / blog / 30-[]anos /
 []


Underfull \hbox (badness 10000) in paragraph at lines 1234--1235
\OT1/cmr/m/n/12 em: []$\OT1/cmtt/m/n/12 http : / / www . abrasel . com . br / c
omponent / content / article / 7-[]noticias /
 []


Overfull \hbox (50.88368pt too wide) in paragraph at lines 1234--1235
\OT1/cmtt/m/n/12 5905-[]27022018-[]mercado-[]delivery-[]de-[]alimentos-[]fatura
-[]mais-[]de-[]r-[]10-[]bi-[]no-[]brasil .
 []


Underfull \hbox (badness 7468) in paragraph at lines 1236--1237
[]\OT1/cmr/m/it/12 Fast food con-sump-tion in Spain will rise by 50% over the n
ext five
 []


Underfull \hbox (badness 10000) in paragraph at lines 1236--1237
\OT1/cmr/m/it/12 ye-ars\OT1/cmr/m/n/12 . Dis-pon^^S^^Pvel em: []$\OT1/cmtt/m/n/
12 https : / / www . eae . es / actualidad / noticias /
 []


Overfull \hbox (17.09752pt too wide) in paragraph at lines 1236--1237
\OT1/cmtt/m/n/12 fast-[]food-[]consumption-[]in-[]spain-[]will-[]rise-[]by-[]50
-[]over-[]the-[]next-[]five-[]years$[]\OT1/cmr/m/n/12 .
 []

Package babel Info: Redefining portuges shorthand "|
(babel)             in language append on input line 1250.
Package babel Info: Redefining portuges shorthand "|
(babel)             in language append on input line 1250.
[66

]
Underfull \hbox (badness 10000) in paragraph at lines 1260--1261
[]\OT1/cmr/m/n/12 Nichol, Alan. \OT1/cmr/m/it/12 rasa[]nlu Do-cu-men-ta-tion\OT
1/cmr/m/n/12 . Dis-pon^^S^^Pvel em: []$\OT1/cmtt/m/n/12 https : / / media .
 []

Package babel Info: Redefining portuges shorthand "|
(babel)             in language append on input line 1282.
Package babel Info: Redefining portuges shorthand "|
(babel)             in language append on input line 1282.
[67]
Underfull \hbox (badness 3492) in paragraph at lines 1292--1293
\OT1/cmr/m/n/12 Wi-ki-me-dia Foun-da-tion, 2018. Dis-pon^^S^^Pvel em: []$\OT1/c
mtt/m/n/12 https : / / pt . wikipedia . org /
 []


Underfull \hbox (badness 10000) in paragraph at lines 1292--1293
\OT1/cmtt/m/n/12 w / index . php ? title = Biblioteca _ (computa % C3 % A7 % C3
 % A3o ) &oldid = 51936326$[]\OT1/cmr/m/n/12 .
 []


Underfull \hbox (badness 10000) in paragraph at lines 1303--1304
\OT1/cmtt/m/n/12 org / w / index . php ? title = Interface _ de _ programa % C3
 % A7 % C3 % A3o _ de _ aplica %
 []

Package babel Info: Redefining portuges shorthand "|
(babel)             in language append on input line 1307.
Package babel Info: Redefining portuges shorthand "|
(babel)             in language append on input line 1307.
[68]
Package atveryend Info: Empty hook `BeforeClearDocument' on input line 1331.
Package babel Info: Redefining portuges shorthand "|
(babel)             in language append on input line 1331.
Package babel Info: Redefining portuges shorthand "|
(babel)             in language append on input line 1331.
 [69]
Package atveryend Info: Empty hook `AfterLastShipout' on input line 1331.
 (./vINICIAL.aux)
Package atveryend Info: Executing hook `AtVeryEndDocument' on input line 1331.
Package atveryend Info: Executing hook `AtEndAfterFileList' on input line 1331.

Package rerunfilecheck Info: File `vINICIAL.out' has not changed.
(rerunfilecheck)             Checksum: 06BB72D13F2440A811C899B184BC7588;3957.


LaTeX Warning: There were multiply-defined labels.

Package atveryend Info: Empty hook `AtVeryVeryEnd' on input line 1331.
 ) 
Here is how much of TeX's memory you used:
 13016 strings out of 494903
 180951 string characters out of 6179961
 374471 words of memory out of 5000000
 15719 multiletter control sequences out of 15000+600000
 23031 words of font info for 92 fonts, out of 8000000 for 9000
 16 hyphenation exceptions out of 8191
 36i,13n,42p,3240b,1930s stack positions out of 5000i,500n,10000p,200000b,80000s
</usr/share/texlive/texmf-dist/fonts/type1/public/amsfonts/cm/cmbx10.pfb></us
r/share/texlive/texmf-dist/fonts/type1/public/amsfonts/cm/cmbx12.pfb></usr/shar
e/texlive/texmf-dist/fonts/type1/public/amsfonts/cm/cmbxti10.pfb></usr/share/te
xlive/texmf-dist/fonts/type1/public/amsfonts/cm/cmcsc10.pfb></usr/share/texlive
/texmf-dist/fonts/type1/public/amsfonts/cm/cmr10.pfb></usr/share/texlive/texmf-
dist/fonts/type1/public/amsfonts/cm/cmr12.pfb></usr/share/texlive/texmf-dist/fo
nts/type1/public/amsfonts/cm/cmr17.pfb></usr/share/texlive/texmf-dist/fonts/typ
e1/public/amsfonts/cm/cmr7.pfb></usr/share/texlive/texmf-dist/fonts/type1/publi
c/amsfonts/cm/cmr8.pfb></usr/share/texlive/texmf-dist/fonts/type1/public/amsfon
ts/cm/cmsl12.pfb></usr/share/texlive/texmf-dist/fonts/type1/public/amsfonts/cm/
cmsy10.pfb></usr/share/texlive/texmf-dist/fonts/type1/public/amsfonts/cm/cmti10
.pfb></usr/share/texlive/texmf-dist/fonts/type1/public/amsfonts/cm/cmti12.pfb><
/usr/share/texlive/texmf-dist/fonts/type1/public/amsfonts/cm/cmtt10.pfb></usr/s
hare/texlive/texmf-dist/fonts/type1/public/amsfonts/cm/cmtt12.pfb>
Output written on vINICIAL.pdf (73 pages, 468067 bytes).
PDF statistics:
 1126 PDF objects out of 1200 (max. 8388607)
 1010 compressed objects within 11 object streams
 384 named destinations out of 1000 (max. 500000)
 476 words of extra memory for PDF output out of 10000 (max. 10000000)

